<?xml version="1.0" encoding="UTF-8"?>
<testng-results ignored="0" total="1" passed="1" failed="0" skipped="0">
  <reporter-output>
  </reporter-output>
  <suite started-at="2024-08-17T19:21:52 IST" name="Default suite" finished-at="2024-08-17T19:22:22 IST" duration-ms="29962">
    <groups>
    </groups>
    <test started-at="2024-08-17T19:21:52 IST" name="Default test" finished-at="2024-08-17T19:22:22 IST" duration-ms="29962">
      <class name="com.myStore.testCases.TC_5LogOut">
        <test-method is-config="true" signature="setup()[pri:0, instance:com.myStore.testCases.TC_5LogOut@4be29ed9]" started-at="2024-08-17T19:21:52 IST" name="setup" finished-at="2024-08-17T19:22:09 IST" duration-ms="17016" status="PASS">
          <reporter-output>
          </reporter-output>
        </test-method> <!-- setup -->
        <test-method signature="logOutOperation()[pri:0, instance:com.myStore.testCases.TC_5LogOut@4be29ed9]" started-at="2024-08-17T19:22:09 IST" name="logOutOperation" finished-at="2024-08-17T19:22:20 IST" duration-ms="11242" status="PASS">
          <reporter-output>
          </reporter-output>
        </test-method> <!-- logOutOperation -->
        <test-method is-config="true" signature="tearDown()[pri:0, instance:com.myStore.testCases.TC_5LogOut@4be29ed9]" started-at="2024-08-17T19:22:20 IST" name="tearDown" finished-at="2024-08-17T19:22:22 IST" duration-ms="1387" status="PASS">
          <reporter-output>
          </reporter-output>
        </test-method> <!-- tearDown -->
      </class> <!-- com.myStore.testCases.TC_5LogOut -->
    </test> <!-- Default test -->
  </suite> <!-- Default suite -->
</testng-results>
